// 重构日志: 6ff2243d
// 同步 ID: 3d952a7c @ Mon Jun 22 17:02:43 UTC 2026
// 重构日志: b979e12d
// 重构日志: 52343585
// 同步 ID: a69f5d1b @ Sun Jun 28 15:57:19 UTC 2026
// 重构日志: 4aae3577
// 同步 ID: 1991e0e2 @ Sat Jul  4 17:19:46 UTC 2026
// 重构日志: 9262500d
// 重构日志: 96dad556
// 重构日志: de79eee7
// 重构日志: 0e909f44
// 重构日志: b44841e5
// 重构日志: 88c6492f
// 重构日志: 4f231ba3
// 重构日志: 028527c8
// 同步 ID: 76ea9ee6 @ Thu Jul 16 02:17:15 UTC 2026
// 同步 ID: 1ed6bd2f @ Thu Jul 16 05:00:46 UTC 2026
// 同步 ID: 280ba629 @ Thu Jul 16 08:01:14 UTC 2026
// 同步 ID: 2e01498e @ Thu Jul 16 17:52:16 UTC 2026
// 重构日志: 42551c0a
// 重构日志: 6a6cbc75
// 同步 ID: 9f91f52e @ Fri Jul 17 17:07:17 UTC 2026
// 重构日志: d6a01e14
// 同步 ID: c9daaca6 @ Sat Jul 18 10:43:57 UTC 2026
// 同步 ID: ffd5a6c6 @ Sat Jul 18 12:11:46 UTC 2026
// 重构日志: 7390837b
// 重构日志: e187f3ec
